{
  "RSpec": {
    "coverage": {
      "/vagrant/Imagens/2016.2-Jardim-Botanico-Web/JBB-Web/app/helpers/application_helper.rb": [
        1,
        null
      ],
      "/vagrant/Imagens/2016.2-Jardim-Botanico-Web/JBB-Web/app/helpers/employees_helper.rb": [
        1,
        null
      ],
      "/vagrant/Imagens/2016.2-Jardim-Botanico-Web/JBB-Web/app/helpers/events_helper.rb": [
        1,
        null
      ],
      "/vagrant/Imagens/2016.2-Jardim-Botanico-Web/JBB-Web/app/helpers/jbb_spaces_helper.rb": [
        1,
        null
      ],
      "/vagrant/Imagens/2016.2-Jardim-Botanico-Web/JBB-Web/app/helpers/session_helper.rb": [
        1,
        null
      ],
      "/vagrant/Imagens/2016.2-Jardim-Botanico-Web/JBB-Web/app/helpers/sessions_helper.rb": [
        1,
        1,
        0,
        null,
        null,
        1,
        0,
        null,
        null,
        1,
        0,
        0,
        null,
        null,
        null,
        1,
        0,
        null,
        null,
        1,
        0,
        null,
        null,
        1,
        0,
        0,
        null,
        null
      ],
      "/vagrant/Imagens/2016.2-Jardim-Botanico-Web/JBB-Web/app/helpers/trails_helper.rb": [
        1,
        null
      ],
      "/vagrant/Imagens/2016.2-Jardim-Botanico-Web/JBB-Web/app/helpers/users_helper.rb": [
        1,
        null
      ],
      "/vagrant/Imagens/2016.2-Jardim-Botanico-Web/JBB-Web/app/helpers/visitations_helper.rb": [
        1,
        null
      ],
      "/vagrant/Imagens/2016.2-Jardim-Botanico-Web/JBB-Web/app/helpers/welcome_helper.rb": [
        1,
        null
      ],
      "/vagrant/Imagens/2016.2-Jardim-Botanico-Web/JBB-Web/app/controllers/visitations_controller.rb": [
        1,
        null,
        null,
        1,
        null,
        null,
        null,
        null,
        null,
        null,
        1,
        1,
        null,
        null,
        null,
        1,
        0,
        0,
        0,
        0,
        null,
        0,
        null,
        null,
        null,
        1,
        0,
        0,
        0,
        0,
        null,
        null,
        null,
        null,
        null,
        null,
        null,
        null,
        1,
        0,
        0,
        null,
        null,
        null,
        null,
        1,
        0,
        null,
        null,
        null,
        1,
        0,
        0,
        0,
        null,
        null,
        null,
        null,
        1,
        0,
        0,
        0,
        null,
        null,
        null,
        1,
        0,
        0,
        0,
        null,
        null,
        null,
        1,
        0,
        0,
        0,
        null,
        null,
        null,
        null,
        null,
        null,
        1,
        1,
        0,
        null,
        null,
        null,
        1,
        0,
        0,
        0,
        null,
        0,
        null,
        null,
        null,
        null,
        1,
        1,
        0,
        null,
        null
      ],
      "/vagrant/Imagens/2016.2-Jardim-Botanico-Web/JBB-Web/app/controllers/application_controller.rb": [
        1,
        null,
        null,
        1,
        1,
        null,
        1,
        1,
        0,
        0,
        null,
        null,
        null,
        1,
        0,
        0,
        null,
        null,
        null
      ],
      "/vagrant/Imagens/2016.2-Jardim-Botanico-Web/JBB-Web/spec/models/event_spec.rb": [
        1,
        null,
        1,
        null,
        1,
        null,
        6,
        null,
        1,
        1,
        1,
        1,
        null,
        null,
        null,
        1,
        1,
        1,
        1,
        null,
        null,
        null,
        1,
        1,
        1,
        1,
        null,
        null,
        null,
        1,
        1,
        1,
        null,
        null,
        null,
        null,
        null,
        null,
        null,
        null,
        null,
        null,
        null,
        null,
        null,
        null,
        null,
        null,
        null,
        null,
        null,
        1,
        null,
        null,
        null,
        1,
        1,
        1,
        1,
        null,
        null,
        null,
        null,
        null,
        null
      ],
      "/vagrant/Imagens/2016.2-Jardim-Botanico-Web/JBB-Web/app/models/event.rb": [
        1,
        1,
        null,
        null,
        1,
        null,
        null,
        1,
        null,
        null,
        1,
        null,
        null,
        null,
        null,
        1,
        0,
        null,
        null,
        1,
        0,
        null,
        null,
        1,
        0,
        null,
        null,
        1,
        0,
        null,
        null,
        1,
        0,
        null,
        null,
        null,
        1,
        null,
        null,
        1,
        null,
        null
      ],
      "/vagrant/Imagens/2016.2-Jardim-Botanico-Web/JBB-Web/app/models/application_record.rb": [
        1,
        1,
        null
      ],
      "/vagrant/Imagens/2016.2-Jardim-Botanico-Web/JBB-Web/spec/models/visitation_spec.rb": [
        1,
        null,
        1,
        null,
        1,
        null,
        5,
        null,
        1,
        1,
        1,
        1,
        null,
        null,
        null,
        1,
        1,
        1,
        1,
        null,
        null,
        null,
        1,
        1,
        1,
        1,
        1,
        1,
        1,
        1,
        null,
        null,
        null,
        1,
        1,
        1,
        1,
        1,
        1,
        null,
        null,
        null,
        null,
        null,
        null
      ],
      "/vagrant/Imagens/2016.2-Jardim-Botanico-Web/JBB-Web/app/models/visitation.rb": [
        1,
        1,
        null,
        null,
        1,
        null,
        null,
        null,
        null,
        null,
        1,
        null,
        null,
        null,
        null,
        1,
        null,
        1,
        null,
        1,
        7,
        1,
        6,
        2,
        null,
        null,
        null,
        null,
        null,
        null,
        1,
        0,
        null,
        null,
        1,
        0,
        null,
        null,
        1,
        0,
        null,
        null,
        1,
        0,
        null,
        null,
        1,
        0,
        null,
        null,
        null,
        null,
        null,
        null,
        1,
        null
      ],
      "/vagrant/Imagens/2016.2-Jardim-Botanico-Web/JBB-Web/app/models/user.rb": [
        1,
        null,
        1,
        1,
        1,
        null,
        1,
        null,
        1,
        0,
        0,
        0,
        0,
        0,
        0,
        0,
        null,
        null,
        1,
        null,
        1,
        null,
        null,
        null,
        null,
        1,
        null,
        null,
        1,
        0,
        0,
        0,
        null,
        null,
        null,
        0,
        0,
        0,
        null,
        null,
        null,
        0,
        0,
        0,
        null,
        null,
        null,
        0,
        0,
        null,
        null,
        0,
        0,
        null,
        null,
        null,
        1,
        0,
        null,
        0,
        0,
        0,
        0,
        0,
        0,
        0,
        0,
        0,
        0,
        0,
        0,
        0,
        null,
        null,
        null,
        0,
        null,
        null,
        null,
        1,
        null,
        0,
        0,
        0,
        null,
        null,
        0,
        0,
        null,
        0,
        0,
        null,
        null,
        null,
        null,
        1,
        null,
        null,
        null,
        null,
        null,
        null,
        null,
        null,
        null,
        null,
        null,
        null,
        null,
        null,
        null,
        null,
        null,
        null,
        null,
        null,
        null,
        null,
        null,
        null,
        null,
        null,
        null,
        null,
        null,
        null,
        1,
        null,
        0,
        0,
        0,
        null,
        null,
        0,
        0,
        null,
        null,
        null,
        null,
        1,
        null,
        0,
        0,
        0,
        null,
        null,
        0,
        0,
        0,
        null,
        null,
        null
      ]
    },
    "timestamp": 1474252667
  }
}
