{
  "RSpec": {
    "coverage": {
      "/vagrant/2016.2-Jardim-Botanico-Web/JBB-Web/app/helpers/application_helper.rb": [
        1,
        null
      ],
      "/vagrant/2016.2-Jardim-Botanico-Web/JBB-Web/app/helpers/employees_helper.rb": [
        1,
        null
      ],
      "/vagrant/2016.2-Jardim-Botanico-Web/JBB-Web/app/helpers/events_helper.rb": [
        1,
        null
      ],
      "/vagrant/2016.2-Jardim-Botanico-Web/JBB-Web/app/helpers/jbb_spaces_helper.rb": [
        1,
        null
      ],
      "/vagrant/2016.2-Jardim-Botanico-Web/JBB-Web/app/helpers/session_helper.rb": [
        1,
        null
      ],
      "/vagrant/2016.2-Jardim-Botanico-Web/JBB-Web/app/helpers/trails_helper.rb": [
        1,
        null
      ],
      "/vagrant/2016.2-Jardim-Botanico-Web/JBB-Web/app/helpers/users_helper.rb": [
        1,
        null
      ],
      "/vagrant/2016.2-Jardim-Botanico-Web/JBB-Web/app/helpers/visitations_helper.rb": [
        1,
        null
      ],
      "/vagrant/2016.2-Jardim-Botanico-Web/JBB-Web/app/helpers/welcome_helper.rb": [
        1,
        null
      ],
      "/vagrant/2016.2-Jardim-Botanico-Web/JBB-Web/app/controllers/visitations_controller.rb": [
        1,
        null,
        null,
        1,
        null,
        null,
        null,
        null,
        1,
        1,
        null,
        null,
        null,
        1,
        1,
        1,
        1,
        1,
        null,
        0,
        null,
        null,
        null,
        null,
        null,
        1,
        0,
        null,
        null,
        null,
        null,
        1,
        0,
        null,
        null,
        null,
        null,
        1,
        null,
        1,
        0,
        0,
        0,
        0,
        null,
        null,
        null,
        1,
        0,
        0,
        0,
        0,
        null,
        null,
        null,
        null,
        null,
        null,
        null,
        1,
        1,
        1,
        null,
        null
      ],
      "/vagrant/2016.2-Jardim-Botanico-Web/JBB-Web/app/controllers/application_controller.rb": [
        1,
        1,
        null,
        1,
        0,
        null,
        null,
        null
      ],
      "/vagrant/2016.2-Jardim-Botanico-Web/JBB-Web/spec/models/visitation_spec.rb": [
        1,
        null,
        1,
        1,
        6,
        null,
        null,
        2,
        null,
        2,
        null,
        1,
        null,
        5,
        null,
        1,
        1,
        1,
        1,
        null,
        null,
        null,
        1,
        1,
        1,
        1,
        null,
        null,
        null,
        1,
        1,
        1,
        1,
        1,
        1,
        1,
        1,
        null,
        null,
        null,
        1,
        1,
        1,
        1,
        1,
        1,
        null,
        null,
        null,
        null,
        null,
        null
      ],
      "/vagrant/2016.2-Jardim-Botanico-Web/JBB-Web/app/models/visitation.rb": [
        1,
        null,
        null,
        1,
        null,
        null,
        1,
        null,
        null,
        1,
        null,
        1,
        null,
        1,
        15,
        1,
        14,
        2,
        null,
        null,
        null,
        null,
        1,
        0,
        null,
        null,
        null,
        null,
        null,
        1,
        null
      ],
      "/vagrant/2016.2-Jardim-Botanico-Web/JBB-Web/app/models/application_record.rb": [
        1,
        1,
        null
      ]
    },
    "timestamp": 1474119057
  }
}
